C51 COMPILER V9.54   NE555                                                                 03/26/2019 20:49:31 PAGE 1   


C51 COMPILER V9.54, COMPILATION OF MODULE NE555
OBJECT MODULE PLACED IN .\Objects\ne555.obj
COMPILER INVOKED BY: d:\Keil_v5\C51\BIN\C51.EXE HARDWAER\ne555.c OPTIMIZE(8,SPEED) BROWSE INCDIR(.\FWLib;.\HARDWAER;.\US
                    -ER) DEBUG OBJECTEXTEND PRINT(.\Listings\ne555.lst) OBJECT(.\Objects\ne555.obj)

line level    source

   1          #inlude "ne555.h"
*** WARNING C315 IN LINE 1 OF HARDWAER\ne555.c: unknown #directive 'inlude'
   2          
   3          void Timer0Init()               
   4          {
   5   1              TMOD|=0x04;  //设为计数模式
*** ERROR C202 IN LINE 5 OF HARDWAER\ne555.c: 'TMOD': undefined identifier
   6   1              TL0=0;          
*** ERROR C202 IN LINE 6 OF HARDWAER\ne555.c: 'TL0': undefined identifier
   7   1              TH0=0;          
*** ERROR C202 IN LINE 7 OF HARDWAER\ne555.c: 'TH0': undefined identifier
   8   1              TF0=0;          
*** ERROR C202 IN LINE 8 OF HARDWAER\ne555.c: 'TF0': undefined identifier
   9   1              TR0=0;          
*** ERROR C202 IN LINE 9 OF HARDWAER\ne555.c: 'TR0': undefined identifier
  10   1      }
  11          
  12          void T_1() interrupt 3
  13          {
  14   1              static uint8 i;
*** ERROR C141 IN LINE 14 OF HARDWAER\ne555.c: syntax error near 'i'
  15   1              i++;
  16   1              if(i>=50)
  17   1              {
  18   2                      i=0;
  19   2                      TR0=0;
*** ERROR C202 IN LINE 19 OF HARDWAER\ne555.c: 'TR0': undefined identifier
  20   2                      m=TH0*256+TL0;
*** ERROR C202 IN LINE 20 OF HARDWAER\ne555.c: 'm': undefined identifier
  21   2                      TH0=0;
*** ERROR C202 IN LINE 21 OF HARDWAER\ne555.c: 'TH0': undefined identifier
  22   2                      TL0=0;
*** ERROR C202 IN LINE 22 OF HARDWAER\ne555.c: 'TL0': undefined identifier
  23   2                      TR0=1;
*** ERROR C202 IN LINE 23 OF HARDWAER\ne555.c: 'TR0': undefined identifier
  24   2              }
  25   1              display(m);//数码管显示频率值
*** ERROR C202 IN LINE 25 OF HARDWAER\ne555.c: 'm': undefined identifier
  26   1      }
  27          

C51 COMPILATION COMPLETE.  1 WARNING(S),  12 ERROR(S)
