C51 COMPILER V9.54   PCF8951                                                               03/27/2019 15:52:22 PAGE 1   


C51 COMPILER V9.54, COMPILATION OF MODULE PCF8951
OBJECT MODULE PLACED IN .\Objects\pcf8951.obj
COMPILER INVOKED BY: d:\Keil_v5\C51\BIN\C51.EXE HARDWAER\pcf8951.c OPTIMIZE(8,SPEED) BROWSE INCDIR(.\FWLib;.\HARDWAER;.\
                    -USER) DEBUG OBJECTEXTEND PRINT(.\Listings\pcf8951.lst) OBJECT(.\Objects\pcf8951.obj)

line level    source

   1          #include "pcf8951.h"
   2          
   3          /*
   4          函数名称：unsigned char get_ADCVluce()
   5          参数： void
   6          返回值： unsigned char val
   7          说明：接收ADC的值
   8          作者：王慧云
   9          时间：2019.3.26
  10          */
  11          unsigned char get_ADCVluce()
  12          {
  13   1              unsigned char val; 
  14   1              IIC_Start();
  15   1              IIC_SendByte(0x90);
  16   1              IIC_WaitAck();
  17   1              IIC_SendByte(0x40 | 3);
  18   1              IIC_WaitAck();
  19   1              IIC_Stop();
  20   1              
  21   1              IIC_Start();
  22   1              IIC_SendByte(0x91);
  23   1              IIC_WaitAck();
  24   1              val = IIC_RecByte();
  25   1              IIC_SendAck(0);
  26   1              IIC_Stop();
  27   1              
  28   1              val = val * 500 / 255;
  29   1              return val;
  30   1      }
  31          
  32          /*
  33          函数名称：void ADC_OUT(unsigned char vol)
  34          参数： unsigned char vol
  35          返回值： void
  36          说明：DAC转换
  37          作者：王慧云
  38          时间：2019.3.26
  39          */
  40          void ADC_OUT(unsigned char vol)
  41          {
  42   1              IIC_Start();
  43   1              IIC_SendByte(0x90);
  44   1              IIC_WaitAck();
  45   1              IIC_SendByte(0x40);
  46   1              IIC_WaitAck();
  47   1              IIC_SendByte(vol);
  48   1              IIC_WaitAck();
  49   1              IIC_Stop();
  50   1      } 


MODULE INFORMATION:   STATIC OVERLAYABLE
   CODE SIZE        =     98    ----
C51 COMPILER V9.54   PCF8951                                                               03/27/2019 15:52:22 PAGE 2   

   CONSTANT SIZE    =   ----    ----
   XDATA SIZE       =   ----    ----
   PDATA SIZE       =   ----    ----
   DATA SIZE        =   ----       2
   IDATA SIZE       =   ----    ----
   BIT SIZE         =   ----    ----
END OF MODULE INFORMATION.


C51 COMPILATION COMPLETE.  0 WARNING(S),  0 ERROR(S)
